<?xml version="1.0" encoding="UTF-8"?>
<!-- Generated by org.testng.reporters.JUnitReportReporter -->
<testsuite hostname="AryaKS" failures="0" tests="1" name="com.MercuryTours.testCases.TC_LoginTest" time="10.326" errors="0" timestamp="2020-05-09T10:34:30 NPT" skipped="0">
  <testcase classname="com.MercuryTours.testCases.TC_LoginTest" name="login" time="10.326"/>
  <system-out/>
</testsuite> <!-- com.MercuryTours.testCases.TC_LoginTest -->
