<?xml version="1.0" encoding="UTF-8"?>
<!-- Generated by org.testng.reporters.JUnitReportReporter -->
<testsuite hostname="AryaKS" failures="0" tests="2" name="com.MercuryTours.testCases.Booking" time="43.229" errors="0" timestamp="2020-05-08T13:04:24 NPT" skipped="0">
  <testcase classname="com.MercuryTours.testCases.Booking" name="login" time="7.794"/>
  <system-out/>
  <testcase classname="com.MercuryTours.testCases.Booking" name="book" time="35.435"/>
  <system-out/>
</testsuite> <!-- com.MercuryTours.testCases.Booking -->
