<?xml version="1.0" encoding="UTF-8"?>
<!-- Generated by org.testng.reporters.JUnitReportReporter -->
<testsuite hostname="AryaKS" failures="0" tests="1" name="com.MercuryTours.testCases.TC_RegisterTest" time="21.479" errors="0" timestamp="2020-05-08T20:04:49 NPT" skipped="0">
  <testcase classname="com.MercuryTours.testCases.TC_RegisterTest" name="Register" time="21.479"/>
  <system-out/>
</testsuite> <!-- com.MercuryTours.testCases.TC_RegisterTest -->
